Got Users data
{ undefined: 
   { 'staff-email': '',
     sec_half_attend: 'NO',
     'parent-code': '22139',
     primarySales: '0',
     department: 'Sales',
     first_half_orders: '0',
     code: '22139-15',
     is_sm_on_gprs: 'YES',
     'staff-name': '',
     first_half_attend: 'NO',
     level: 'salesman',
     dob: '',
     lastModifiedDate: '',
     salesUser: 'true',
     town: '',
     'parent-level': 'distributor',
     AW_last_sync_datetime: '',
     sec_half_orders: '0',
     mobile: '',
     _id: 'salesman:22139-15' } }
Got Users data
{ undefined: 
   { 'staff-email': '',
     sec_half_attend: 'NO',
     'parent-code': '22139',
     primarySales: '0',
     department: 'Sales',
     first_half_orders: '0',
     code: '22139-15',
     is_sm_on_gprs: 'YES',
     'staff-name': '',
     first_half_attend: 'NO',
     level: 'salesman',
     dob: '',
     lastModifiedDate: '',
     salesUser: 'true',
     town: '',
     'parent-level': 'distributor',
     AW_last_sync_datetime: '',
     sec_half_orders: '0',
     mobile: '',
     _id: 'salesman:22139-15' } }
Got Users data
{ undefined: 
   { 'staff-email': '',
     sec_half_attend: 'NO',
     'parent-code': '22139',
     primarySales: '0',
     department: 'Sales',
     first_half_orders: '0',
     code: '22139-15',
     is_sm_on_gprs: 'YES',
     'staff-name': '',
     first_half_attend: 'NO',
     level: 'salesman',
     dob: '',
     lastModifiedDate: '',
     salesUser: 'true',
     town: '',
     'parent-level': 'distributor',
     AW_last_sync_datetime: '',
     sec_half_orders: '0',
     mobile: '',
     _id: 'salesman:22139-15' } }
